<?xml version="1.0" encoding="UTF-8"?>
<testng-results ignored="0" total="1" passed="1" failed="0" skipped="0">
  <reporter-output>
  </reporter-output>
  <suite started-at="2019-04-02T18:09:08Z" name="Surefire suite" finished-at="2019-04-02T18:09:27Z" duration-ms="19008">
    <groups>
    </groups>
    <test started-at="2019-04-02T18:09:08Z" name="Surefire test" finished-at="2019-04-02T18:09:27Z" duration-ms="19008">
      <class name="com.zac.theinternet.PositiveTests">
        <test-method signature="loginTest()[pri:0, instance:com.zac.theinternet.PositiveTests@243c4f91]" started-at="2019-04-02T18:09:08Z" name="loginTest" finished-at="2019-04-02T18:09:27Z" duration-ms="18953" status="PASS">
          <reporter-output>
          </reporter-output>
        </test-method> <!-- loginTest -->
      </class> <!-- com.zac.theinternet.PositiveTests -->
    </test> <!-- Surefire test -->
  </suite> <!-- Surefire suite -->
</testng-results>
